Arguments: 
  /usr/bin/node /usr/share/yarn/bin/yarn.js publish

PATH: 
  /opt/android-studio/jre/bin:/opt/android-studio/jre/bin:/home/rizkhal/.local/bin:/usr/local/sbin:/usr/local/bin:/usr/sbin:/usr/bin:/sbin:/bin:/usr/games:/usr/local/games:/snap/bin:/usr/local/go/bin:/home/rizkhal/Android/Sdk/emulator:/home/rizkhal/Android/Sdk/tools:/home/rizkhal/Android/Sdk/tools/bin:/home/rizkhal/Android/Sdk/platform-tools:/home/rizkhal/Android/Sdk/emulator:/home/rizkhal/Android/Sdk/tools:/home/rizkhal/Android/Sdk/tools/bin:/home/rizkhal/Android/Sdk/platform-tools

Yarn version: 
  1.22.17

Node version: 
  16.14.0

Platform: 
  linux x64

Trace: 
  Error: canceled
      at Interface.<anonymous> (/usr/share/yarn/lib/cli.js:137143:13)
      at Interface.emit (node:events:520:28)
      at Interface._ttyWrite (node:readline:1081:16)
      at ReadStream.onkeypress (node:readline:288:10)
      at ReadStream.emit (node:events:520:28)
      at emitKeys (node:internal/readline/utils:358:14)
      at emitKeys.next (<anonymous>)
      at ReadStream.onData (node:internal/readline/emitKeypressEvents:61:36)
      at ReadStream.emit (node:events:520:28)
      at addChunk (node:internal/streams/readable:315:12)

npm manifest: 
  {
    "name": "@rizkhal/inertable-vue",
    "version": "1.0.0",
    "description": "A Simple Datatable",
    "main": "index.js",
    "repository": "git@github.com:rizkhal/inertable.git",
    "author": "Rizkhal Lamaau",
    "license": "MIT",
    "private": false
  }

yarn manifest: 
  No manifest

Lockfile: 
  No lockfile
